<?xml version="1.0" encoding="UTF-8"?>
<!-- Generated by org.testng.reporters.JUnitReportReporter -->
<testsuite skipped="0" hostname="ARAVINDA-DELL-PERSONAL" name="com.testng.PriorityDemo" tests="4" failures="0" timestamp="2021-04-18T19:22:17 IST" time="0.019" errors="0">
  <testcase name="launch" time="0.014" classname="com.testng.PriorityDemo"/>
  <system-out/>
  <testcase name="login" time="0.002" classname="com.testng.PriorityDemo"/>
  <system-out/>
  <testcase name="createCustomer" time="0.002" classname="com.testng.PriorityDemo"/>
  <system-out/>
  <testcase name="logout" time="0.001" classname="com.testng.PriorityDemo"/>
  <system-out/>
</testsuite> <!-- com.testng.PriorityDemo -->
