<?xml version="1.0" encoding="UTF-8"?>
<!-- Generated by org.testng.reporters.JUnitReportReporter -->
<testsuite skipped="0" hostname="ARAVINDA-DELL-PERSONAL" name="com.synechron.selenium.actitime.js.JavaScriptExecutionToEle" tests="1" failures="0" timestamp="2021-04-19T00:10:23 IST" time="8.079" errors="0">
  <testcase name="jsExecutionDemo" time="8.079" classname="com.synechron.selenium.actitime.js.JavaScriptExecutionToEle"/>
  <system-out/>
</testsuite> <!-- com.synechron.selenium.actitime.js.JavaScriptExecutionToEle -->
