<?xml version="1.0" encoding="UTF-8"?>
<!-- Generated by org.testng.reporters.JUnitReportReporter -->
<testsuite skipped="0" hostname="ARAVINDA-DELL-PERSONAL" name="com.testng.ActitimeLoginTest" tests="1" failures="0" timestamp="2021-04-18T23:21:17 IST" time="14.336" errors="0">
  <testcase name="validLoginTest" time="14.336" classname="com.testng.ActitimeLoginTest"/>
  <system-out/>
</testsuite> <!-- com.testng.ActitimeLoginTest -->
