<?xml version="1.0" encoding="UTF-8"?>
<!-- Generated by org.testng.reporters.JUnitReportReporter -->
<testsuite skipped="0" hostname="ARAVINDA-DELL-PERSONAL" name="com.testng.CreateCustomerWithExternalData" tests="4" failures="0" timestamp="2021-04-18T21:31:53 IST" time="54.029" errors="0">
  <testcase name="createCustomerTest" time="16.364" classname="com.testng.CreateCustomerWithExternalData"/>
  <system-out/>
  <testcase name="createCustomerTest" time="12.313" classname="com.testng.CreateCustomerWithExternalData"/>
  <system-out/>
  <testcase name="createCustomerTest" time="13.032" classname="com.testng.CreateCustomerWithExternalData"/>
  <system-out/>
  <testcase name="createCustomerTest" time="12.320" classname="com.testng.CreateCustomerWithExternalData"/>
  <system-out/>
</testsuite> <!-- com.testng.CreateCustomerWithExternalData -->
