<?xml version="1.0" encoding="UTF-8"?>
<!-- Generated by org.testng.reporters.JUnitReportReporter -->
<testsuite skipped="0" hostname="ARAVINDA-DELL-PERSONAL" name="com.testng.OrderOfExecution" tests="5" failures="0" timestamp="2021-04-18T19:25:46 IST" time="0.023" errors="0">
  <testcase name="login" time="0.001" classname="com.testng.OrderOfExecution"/>
  <system-out/>
  <testcase name="launch" time="0.016" classname="com.testng.OrderOfExecution"/>
  <system-out/>
  <testcase name="createCustomer" time="0.001" classname="com.testng.OrderOfExecution"/>
  <system-out/>
  <testcase name="logout" time="0.002" classname="com.testng.OrderOfExecution"/>
  <system-out/>
  <testcase name="logout1" time="0.003" classname="com.testng.OrderOfExecution"/>
  <system-out/>
</testsuite> <!-- com.testng.OrderOfExecution -->
