<?xml version="1.0" encoding="UTF-8"?>
<!-- Generated by org.testng.reporters.JUnitReportReporter -->
<testsuite skipped="0" hostname="ARAVINDA-DELL-PERSONAL" name="com.testng.AllAnnotations" tests="1" failures="0" timestamp="2021-04-18T20:27:19 IST" time="0.011" errors="0">
  <testcase name="f" time="0.011" classname="com.testng.AllAnnotations"/>
  <system-out/>
</testsuite> <!-- com.testng.AllAnnotations -->
