<?xml version="1.0" encoding="UTF-8"?>
<!-- Generated by org.testng.reporters.JUnitReportReporter -->
<testsuite skipped="0" hostname="ARAVINDA-DELL-PERSONAL" name="com.testng.AutoSuggestionTest" tests="1" failures="0" timestamp="2021-04-18T23:21:17 IST" time="13.473" errors="0">
  <testcase name="autoSuggestionsTest" time="13.473" classname="com.testng.AutoSuggestionTest"/>
  <system-out>
    <![CDATA[Total Suggestions displayed -> 10
synechron technologies<br>
synechron bangalore<br>
synechron<br>
synechron technologies pvt ltd<br>
synechron glassdoor<br>
synechron wiki<br>
synechron bangalore address<br>
synechron salary<br>
synechron interview questions<br>
synechron linkedin<br>]]>
  </system-out>
</testsuite> <!-- com.testng.AutoSuggestionTest -->
