<?xml version="1.0" encoding="UTF-8"?>
<!-- Generated by org.testng.reporters.JUnitReportReporter -->
<testsuite skipped="0" hostname="ARAVINDA-DELL-PERSONAL" name="com.testng.test.POMLoginTest" tests="2" failures="0" timestamp="2021-04-19T00:48:44 IST" time="12.112" errors="0">
  <testcase name="loginTest" time="4.922" classname="com.testng.test.POMLoginTest"/>
  <system-out/>
  <testcase name="inValidloginTest" time="7.190" classname="com.testng.test.POMLoginTest"/>
  <system-out/>
</testsuite> <!-- com.testng.test.POMLoginTest -->
