<?xml version="1.0" encoding="UTF-8"?>
<!-- Generated by org.testng.reporters.JUnitReportReporter -->
<testsuite skipped="0" hostname="ARAVINDA-DELL-PERSONAL" name="com.testng.DataProviderDemo" tests="4" failures="0" timestamp="2021-04-18T21:28:57 IST" time="0.014" errors="0">
  <testcase name="test" time="0.001" classname="com.testng.DataProviderDemo"/>
  <system-out/>
  <testcase name="test" time="0.001" classname="com.testng.DataProviderDemo"/>
  <system-out/>
  <testcase name="test" time="0.010" classname="com.testng.DataProviderDemo"/>
  <system-out/>
  <testcase name="test" time="0.002" classname="com.testng.DataProviderDemo"/>
  <system-out/>
</testsuite> <!-- com.testng.DataProviderDemo -->
