<?xml version="1.0" encoding="UTF-8"?>
<!-- Generated by org.testng.reporters.JUnitReportReporter -->
<testsuite skipped="0" hostname="ARAVINDA-DELL-PERSONAL" name="com.testng.JavaScriptExecutionDemo" tests="1" failures="0" timestamp="2021-04-19T00:07:33 IST" time="6.934" errors="0">
  <testcase name="jsExecutionDemo" time="6.934" classname="com.testng.JavaScriptExecutionDemo"/>
  <system-out/>
</testsuite> <!-- com.testng.JavaScriptExecutionDemo -->
