<?xml version="1.0" encoding="UTF-8"?>
<!-- Generated by org.testng.reporters.JUnitReportReporter -->
<testsuite skipped="0" hostname="ARAVINDA-DELL-PERSONAL" name="com.testng.GroupsDemo" tests="2" failures="0" timestamp="2021-04-18T22:04:11 IST" time="0.016" errors="0">
  <testcase name="carnival" time="0.014" classname="com.testng.GroupsDemo"/>
  <system-out/>
  <testcase name="xuv500" time="0.002" classname="com.testng.GroupsDemo"/>
  <system-out/>
</testsuite> <!-- com.testng.GroupsDemo -->
