<?xml version="1.0" encoding="UTF-8"?>
<!-- Generated by org.testng.reporters.JUnitReportReporter -->
<testsuite skipped="0" hostname="ARAVINDA-DELL-PERSONAL" name="com.testng.HelloWorld" tests="4" failures="0" timestamp="2021-04-18T21:34:16 IST" time="0.024" errors="0">
  <testcase name="logout" time="0.001" classname="com.testng.HelloWorld"/>
  <system-out/>
  <testcase name="login" time="0.003" classname="com.testng.HelloWorld"/>
  <system-out/>
  <testcase name="createCustomer" time="0.018" classname="com.testng.HelloWorld"/>
  <system-out/>
  <testcase name="launch" time="0.002" classname="com.testng.HelloWorld"/>
  <system-out/>
</testsuite> <!-- com.testng.HelloWorld -->
